Frequency (MHz): 1200
-------------------------
Socket   Power (w)
0        39.822
-------------------------
Mean: 39.822 ms
##########################

Frequency (MHz): 1300
-------------------------
Socket   Power (w)
0        42.274
-------------------------
Mean: 42.274 ms
##########################

Frequency (MHz): 1400
-------------------------
Socket   Power (w)
0        44.495
-------------------------
Mean: 44.495 ms
##########################

Frequency (MHz): 1500
-------------------------
Socket   Power (w)
0        46.836
-------------------------
Mean: 46.836 ms
##########################

Frequency (MHz): 1600
-------------------------
Socket   Power (w)
0        49.618
-------------------------
Mean: 49.618 ms
##########################

Frequency (MHz): 1700
-------------------------
Socket   Power (w)
0        52.072
-------------------------
Mean: 52.072 ms
##########################

Frequency (MHz): 1800
-------------------------
Socket   Power (w)
0        54.840
-------------------------
Mean: 54.840 ms
##########################

Frequency (MHz): 1900
-------------------------
Socket   Power (w)
0        57.751
-------------------------
Mean: 57.751 ms
##########################

Frequency (MHz): 2000
-------------------------
Socket   Power (w)
0        60.654
-------------------------
Mean: 60.654 ms
##########################

Frequency (MHz): 2100
-------------------------
Socket   Power (w)
0        63.647
-------------------------
Mean: 63.647 ms
##########################

Frequency (MHz): 2200
-------------------------
Socket   Power (w)
0        66.632
-------------------------
Mean: 66.632 ms
##########################

Frequency (MHz): 2300
-------------------------
Socket   Power (w)
0        69.960
-------------------------
Mean: 69.960 ms
##########################

Frequency (MHz): 2400
-------------------------
Socket   Power (w)
0        73.419
-------------------------
Mean: 73.419 ms
##########################

Frequency (MHz): 2500
-------------------------
Socket   Power (w)
0        76.850
-------------------------
Mean: 76.850 ms
##########################

Frequency (MHz): 2600
-------------------------
Socket   Power (w)
0        80.461
-------------------------
Mean: 80.461 ms
##########################

