Frequency (MHz): 1200
-------------------------
Socket   Power (w)
0        40.534
-------------------------
Mean: 40.534 ms
##########################

Frequency (MHz): 1300
-------------------------
Socket   Power (w)
0        42.896
-------------------------
Mean: 42.896 ms
##########################

Frequency (MHz): 1400
-------------------------
Socket   Power (w)
0        45.275
-------------------------
Mean: 45.275 ms
##########################

Frequency (MHz): 1500
-------------------------
Socket   Power (w)
0        47.708
-------------------------
Mean: 47.708 ms
##########################

Frequency (MHz): 1600
-------------------------
Socket   Power (w)
0        50.289
-------------------------
Mean: 50.289 ms
##########################

Frequency (MHz): 1700
-------------------------
Socket   Power (w)
0        52.695
-------------------------
Mean: 52.695 ms
##########################

Frequency (MHz): 1800
-------------------------
Socket   Power (w)
0        55.346
-------------------------
Mean: 55.346 ms
##########################

Frequency (MHz): 1900
-------------------------
Socket   Power (w)
0        58.119
-------------------------
Mean: 58.119 ms
##########################

Frequency (MHz): 2000
-------------------------
Socket   Power (w)
0        60.874
-------------------------
Mean: 60.874 ms
##########################

Frequency (MHz): 2100
-------------------------
Socket   Power (w)
0        63.762
-------------------------
Mean: 63.762 ms
##########################

Frequency (MHz): 2200
-------------------------
Socket   Power (w)
0        66.709
-------------------------
Mean: 66.709 ms
##########################

Frequency (MHz): 2300
-------------------------
Socket   Power (w)
0        69.899
-------------------------
Mean: 69.899 ms
##########################

Frequency (MHz): 2400
-------------------------
Socket   Power (w)
0        73.115
-------------------------
Mean: 73.115 ms
##########################

Frequency (MHz): 2500
-------------------------
Socket   Power (w)
0        76.418
-------------------------
Mean: 76.418 ms
##########################

Frequency (MHz): 2600
-------------------------
Socket   Power (w)
0        79.845
-------------------------
Mean: 79.845 ms
##########################

