Frequency (MHz): 1200
-------------------------
Socket   Power (w)
0        31.818
-------------------------
Mean: 31.818 ms
##########################

Frequency (MHz): 1300
-------------------------
Socket   Power (w)
0        33.690
-------------------------
Mean: 33.690 ms
##########################

Frequency (MHz): 1400
-------------------------
Socket   Power (w)
0        35.652
-------------------------
Mean: 35.652 ms
##########################

Frequency (MHz): 1500
-------------------------
Socket   Power (w)
0        37.720
-------------------------
Mean: 37.720 ms
##########################

Frequency (MHz): 1600
-------------------------
Socket   Power (w)
0        39.996
-------------------------
Mean: 39.996 ms
##########################

Frequency (MHz): 1700
-------------------------
Socket   Power (w)
0        42.318
-------------------------
Mean: 42.318 ms
##########################

Frequency (MHz): 1800
-------------------------
Socket   Power (w)
0        44.738
-------------------------
Mean: 44.738 ms
##########################

Frequency (MHz): 1900
-------------------------
Socket   Power (w)
0        47.241
-------------------------
Mean: 47.241 ms
##########################

Frequency (MHz): 2000
-------------------------
Socket   Power (w)
0        49.921
-------------------------
Mean: 49.921 ms
##########################

Frequency (MHz): 2100
-------------------------
Socket   Power (w)
0        52.678
-------------------------
Mean: 52.678 ms
##########################

Frequency (MHz): 2200
-------------------------
Socket   Power (w)
0        55.664
-------------------------
Mean: 55.664 ms
##########################

Frequency (MHz): 2300
-------------------------
Socket   Power (w)
0        58.742
-------------------------
Mean: 58.742 ms
##########################

Frequency (MHz): 2400
-------------------------
Socket   Power (w)
0        61.932
-------------------------
Mean: 61.932 ms
##########################

Frequency (MHz): 2500
-------------------------
Socket   Power (w)
0        65.251
-------------------------
Mean: 65.251 ms
##########################

Frequency (MHz): 2600
-------------------------
Socket   Power (w)
0        69.144
-------------------------
Mean: 69.144 ms
##########################

