Frequency (MHz): 1200
-------------------------
Socket   Power (w)
1        39.915
-------------------------
Mean: 39.915 ms
##########################

Frequency (MHz): 1300
-------------------------
Socket   Power (w)
1        42.947
-------------------------
Mean: 42.947 ms
##########################

Frequency (MHz): 1400
-------------------------
Socket   Power (w)
1        46.042
-------------------------
Mean: 46.042 ms
##########################

Frequency (MHz): 1500
-------------------------
Socket   Power (w)
1        49.169
-------------------------
Mean: 49.169 ms
##########################

Frequency (MHz): 1600
-------------------------
Socket   Power (w)
1        52.612
-------------------------
Mean: 52.612 ms
##########################

Frequency (MHz): 1700
-------------------------
Socket   Power (w)
1        56.063
-------------------------
Mean: 56.063 ms
##########################

Frequency (MHz): 1800
-------------------------
Socket   Power (w)
1        60.112
-------------------------
Mean: 60.112 ms
##########################

Frequency (MHz): 1900
-------------------------
Socket   Power (w)
1        63.842
-------------------------
Mean: 63.842 ms
##########################

Frequency (MHz): 2000
-------------------------
Socket   Power (w)
1        67.758
-------------------------
Mean: 67.758 ms
##########################

Frequency (MHz): 2100
-------------------------
Socket   Power (w)
1        72.393
-------------------------
Mean: 72.393 ms
##########################

Frequency (MHz): 2200
-------------------------
Socket   Power (w)
1        76.772
-------------------------
Mean: 76.772 ms
##########################

Frequency (MHz): 2300
-------------------------
Socket   Power (w)
1        81.695
-------------------------
Mean: 81.695 ms
##########################

Frequency (MHz): 2400
-------------------------
Socket   Power (w)
1        86.299
-------------------------
Mean: 86.299 ms
##########################

Frequency (MHz): 2500
-------------------------
Socket   Power (w)
1        91.724
-------------------------
Mean: 91.724 ms
##########################

Frequency (MHz): 2600
-------------------------
Socket   Power (w)
1        96.744
-------------------------
Mean: 96.744 ms
##########################

