Frequency (MHz): 1200
-------------------------
Socket   Power (w)
1        37.385
-------------------------
Mean: 37.385 ms
##########################

Frequency (MHz): 1300
-------------------------
Socket   Power (w)
1        39.590
-------------------------
Mean: 39.590 ms
##########################

Frequency (MHz): 1400
-------------------------
Socket   Power (w)
1        42.055
-------------------------
Mean: 42.055 ms
##########################

Frequency (MHz): 1500
-------------------------
Socket   Power (w)
1        44.687
-------------------------
Mean: 44.687 ms
##########################

Frequency (MHz): 1600
-------------------------
Socket   Power (w)
1        47.400
-------------------------
Mean: 47.400 ms
##########################

Frequency (MHz): 1700
-------------------------
Socket   Power (w)
1        50.211
-------------------------
Mean: 50.211 ms
##########################

Frequency (MHz): 1800
-------------------------
Socket   Power (w)
1        53.150
-------------------------
Mean: 53.150 ms
##########################

Frequency (MHz): 1900
-------------------------
Socket   Power (w)
1        55.621
-------------------------
Mean: 55.621 ms
##########################

Frequency (MHz): 2000
-------------------------
Socket   Power (w)
1        57.729
-------------------------
Mean: 57.729 ms
##########################

Frequency (MHz): 2100
-------------------------
Socket   Power (w)
1        60.401
-------------------------
Mean: 60.401 ms
##########################

Frequency (MHz): 2200
-------------------------
Socket   Power (w)
1        63.963
-------------------------
Mean: 63.963 ms
##########################

Frequency (MHz): 2300
-------------------------
Socket   Power (w)
1        67.608
-------------------------
Mean: 67.608 ms
##########################

Frequency (MHz): 2400
-------------------------
Socket   Power (w)
1        71.776
-------------------------
Mean: 71.776 ms
##########################

Frequency (MHz): 2500
-------------------------
Socket   Power (w)
1        75.667
-------------------------
Mean: 75.667 ms
##########################

Frequency (MHz): 2600
-------------------------
Socket   Power (w)
1        79.186
-------------------------
Mean: 79.186 ms
##########################

