Frequency (MHz): 1200
-------------------------
Socket   Power (w)
0        35.245
-------------------------
Mean: 35.245 ms
##########################

Frequency (MHz): 1300
-------------------------
Socket   Power (w)
0        37.629
-------------------------
Mean: 37.629 ms
##########################

Frequency (MHz): 1400
-------------------------
Socket   Power (w)
0        39.838
-------------------------
Mean: 39.838 ms
##########################

Frequency (MHz): 1500
-------------------------
Socket   Power (w)
0        42.127
-------------------------
Mean: 42.127 ms
##########################

Frequency (MHz): 1600
-------------------------
Socket   Power (w)
0        44.710
-------------------------
Mean: 44.710 ms
##########################

Frequency (MHz): 1700
-------------------------
Socket   Power (w)
0        47.347
-------------------------
Mean: 47.347 ms
##########################

Frequency (MHz): 1800
-------------------------
Socket   Power (w)
0        50.075
-------------------------
Mean: 50.075 ms
##########################

Frequency (MHz): 1900
-------------------------
Socket   Power (w)
0        52.872
-------------------------
Mean: 52.872 ms
##########################

Frequency (MHz): 2000
-------------------------
Socket   Power (w)
0        55.832
-------------------------
Mean: 55.832 ms
##########################

Frequency (MHz): 2100
-------------------------
Socket   Power (w)
0        58.847
-------------------------
Mean: 58.847 ms
##########################

Frequency (MHz): 2200
-------------------------
Socket   Power (w)
0        62.046
-------------------------
Mean: 62.046 ms
##########################

Frequency (MHz): 2300
-------------------------
Socket   Power (w)
0        65.301
-------------------------
Mean: 65.301 ms
##########################

Frequency (MHz): 2400
-------------------------
Socket   Power (w)
0        68.714
-------------------------
Mean: 68.714 ms
##########################

Frequency (MHz): 2500
-------------------------
Socket   Power (w)
0        72.161
-------------------------
Mean: 72.161 ms
##########################

Frequency (MHz): 2600
-------------------------
Socket   Power (w)
0        75.794
-------------------------
Mean: 75.794 ms
##########################

