Frequency (MHz): 1200
-------------------------
Socket   Power (w)
0        40.717
-------------------------
Mean: 40.717 ms
##########################

Frequency (MHz): 1300
-------------------------
Socket   Power (w)
0        43.004
-------------------------
Mean: 43.004 ms
##########################

Frequency (MHz): 1400
-------------------------
Socket   Power (w)
0        45.294
-------------------------
Mean: 45.294 ms
##########################

Frequency (MHz): 1500
-------------------------
Socket   Power (w)
0        47.683
-------------------------
Mean: 47.683 ms
##########################

Frequency (MHz): 1600
-------------------------
Socket   Power (w)
0        50.368
-------------------------
Mean: 50.368 ms
##########################

Frequency (MHz): 1700
-------------------------
Socket   Power (w)
0        52.896
-------------------------
Mean: 52.896 ms
##########################

Frequency (MHz): 1800
-------------------------
Socket   Power (w)
0        55.607
-------------------------
Mean: 55.607 ms
##########################

Frequency (MHz): 1900
-------------------------
Socket   Power (w)
0        58.362
-------------------------
Mean: 58.362 ms
##########################

Frequency (MHz): 2000
-------------------------
Socket   Power (w)
0        60.979
-------------------------
Mean: 60.979 ms
##########################

Frequency (MHz): 2100
-------------------------
Socket   Power (w)
0        63.969
-------------------------
Mean: 63.969 ms
##########################

Frequency (MHz): 2200
-------------------------
Socket   Power (w)
0        67.336
-------------------------
Mean: 67.336 ms
##########################

Frequency (MHz): 2300
-------------------------
Socket   Power (w)
0        70.562
-------------------------
Mean: 70.562 ms
##########################

Frequency (MHz): 2400
-------------------------
Socket   Power (w)
0        73.930
-------------------------
Mean: 73.930 ms
##########################

Frequency (MHz): 2500
-------------------------
Socket   Power (w)
0        77.389
-------------------------
Mean: 77.389 ms
##########################

Frequency (MHz): 2600
-------------------------
Socket   Power (w)
0        80.855
-------------------------
Mean: 80.855 ms
##########################

