Frequency (MHz): 1200
-------------------------
Socket   Power (w)
0        31.262
-------------------------
Mean: 31.262 ms
##########################

Frequency (MHz): 1300
-------------------------
Socket   Power (w)
0        33.148
-------------------------
Mean: 33.148 ms
##########################

Frequency (MHz): 1400
-------------------------
Socket   Power (w)
0        35.090
-------------------------
Mean: 35.090 ms
##########################

Frequency (MHz): 1500
-------------------------
Socket   Power (w)
0        36.976
-------------------------
Mean: 36.976 ms
##########################

Frequency (MHz): 1600
-------------------------
Socket   Power (w)
0        39.064
-------------------------
Mean: 39.064 ms
##########################

Frequency (MHz): 1700
-------------------------
Socket   Power (w)
0        41.379
-------------------------
Mean: 41.379 ms
##########################

Frequency (MHz): 1800
-------------------------
Socket   Power (w)
0        43.703
-------------------------
Mean: 43.703 ms
##########################

Frequency (MHz): 1900
-------------------------
Socket   Power (w)
0        46.202
-------------------------
Mean: 46.202 ms
##########################

Frequency (MHz): 2000
-------------------------
Socket   Power (w)
0        48.755
-------------------------
Mean: 48.755 ms
##########################

Frequency (MHz): 2100
-------------------------
Socket   Power (w)
0        51.520
-------------------------
Mean: 51.520 ms
##########################

Frequency (MHz): 2200
-------------------------
Socket   Power (w)
0        54.344
-------------------------
Mean: 54.344 ms
##########################

Frequency (MHz): 2300
-------------------------
Socket   Power (w)
0        57.267
-------------------------
Mean: 57.267 ms
##########################

Frequency (MHz): 2400
-------------------------
Socket   Power (w)
0        60.414
-------------------------
Mean: 60.414 ms
##########################

Frequency (MHz): 2500
-------------------------
Socket   Power (w)
0        63.670
-------------------------
Mean: 63.670 ms
##########################

Frequency (MHz): 2600
-------------------------
Socket   Power (w)
0        67.648
-------------------------
Mean: 67.648 ms
##########################

