Frequency (MHz): 1200
-------------------------
Socket   Power (w)
0        40.141
-------------------------
Mean: 40.141 ms
##########################

Frequency (MHz): 1300
-------------------------
Socket   Power (w)
0        42.311
-------------------------
Mean: 42.311 ms
##########################

Frequency (MHz): 1400
-------------------------
Socket   Power (w)
0        44.857
-------------------------
Mean: 44.857 ms
##########################

Frequency (MHz): 1500
-------------------------
Socket   Power (w)
0        47.577
-------------------------
Mean: 47.577 ms
##########################

Frequency (MHz): 1600
-------------------------
Socket   Power (w)
0        50.418
-------------------------
Mean: 50.418 ms
##########################

Frequency (MHz): 1700
-------------------------
Socket   Power (w)
0        53.441
-------------------------
Mean: 53.441 ms
##########################

Frequency (MHz): 1800
-------------------------
Socket   Power (w)
0        56.094
-------------------------
Mean: 56.094 ms
##########################

Frequency (MHz): 1900
-------------------------
Socket   Power (w)
0        58.336
-------------------------
Mean: 58.336 ms
##########################

Frequency (MHz): 2000
-------------------------
Socket   Power (w)
0        60.438
-------------------------
Mean: 60.438 ms
##########################

Frequency (MHz): 2100
-------------------------
Socket   Power (w)
0        63.436
-------------------------
Mean: 63.436 ms
##########################

Frequency (MHz): 2200
-------------------------
Socket   Power (w)
0        66.870
-------------------------
Mean: 66.870 ms
##########################

Frequency (MHz): 2300
-------------------------
Socket   Power (w)
0        70.671
-------------------------
Mean: 70.671 ms
##########################

Frequency (MHz): 2400
-------------------------
Socket   Power (w)
0        74.616
-------------------------
Mean: 74.616 ms
##########################

Frequency (MHz): 2500
-------------------------
Socket   Power (w)
0        78.697
-------------------------
Mean: 78.697 ms
##########################

Frequency (MHz): 2600
-------------------------
Socket   Power (w)
0        82.171
-------------------------
Mean: 82.171 ms
##########################

