Frequency (MHz): 1200
-------------------------
Socket   Power (w)
0        40.535
-------------------------
Mean: 40.535 ms
##########################

Frequency (MHz): 1300
-------------------------
Socket   Power (w)
0        42.862
-------------------------
Mean: 42.862 ms
##########################

Frequency (MHz): 1400
-------------------------
Socket   Power (w)
0        45.239
-------------------------
Mean: 45.239 ms
##########################

Frequency (MHz): 1500
-------------------------
Socket   Power (w)
0        47.641
-------------------------
Mean: 47.641 ms
##########################

Frequency (MHz): 1600
-------------------------
Socket   Power (w)
0        50.222
-------------------------
Mean: 50.222 ms
##########################

Frequency (MHz): 1700
-------------------------
Socket   Power (w)
0        52.755
-------------------------
Mean: 52.755 ms
##########################

Frequency (MHz): 1800
-------------------------
Socket   Power (w)
0        55.289
-------------------------
Mean: 55.289 ms
##########################

Frequency (MHz): 1900
-------------------------
Socket   Power (w)
0        58.030
-------------------------
Mean: 58.030 ms
##########################

Frequency (MHz): 2000
-------------------------
Socket   Power (w)
0        60.849
-------------------------
Mean: 60.849 ms
##########################

Frequency (MHz): 2100
-------------------------
Socket   Power (w)
0        63.677
-------------------------
Mean: 63.677 ms
##########################

Frequency (MHz): 2200
-------------------------
Socket   Power (w)
0        66.677
-------------------------
Mean: 66.677 ms
##########################

Frequency (MHz): 2300
-------------------------
Socket   Power (w)
0        69.850
-------------------------
Mean: 69.850 ms
##########################

Frequency (MHz): 2400
-------------------------
Socket   Power (w)
0        73.037
-------------------------
Mean: 73.037 ms
##########################

Frequency (MHz): 2500
-------------------------
Socket   Power (w)
0        76.328
-------------------------
Mean: 76.328 ms
##########################

Frequency (MHz): 2600
-------------------------
Socket   Power (w)
0        79.724
-------------------------
Mean: 79.724 ms
##########################

