Frequency (MHz): 1200
-------------------------
Socket   Power (w)
1        37.809
-------------------------
Mean: 37.809 ms
##########################

Frequency (MHz): 1300
-------------------------
Socket   Power (w)
1        40.038
-------------------------
Mean: 40.038 ms
##########################

Frequency (MHz): 1400
-------------------------
Socket   Power (w)
1        42.296
-------------------------
Mean: 42.296 ms
##########################

Frequency (MHz): 1500
-------------------------
Socket   Power (w)
1        44.627
-------------------------
Mean: 44.627 ms
##########################

Frequency (MHz): 1600
-------------------------
Socket   Power (w)
1        47.348
-------------------------
Mean: 47.348 ms
##########################

Frequency (MHz): 1700
-------------------------
Socket   Power (w)
1        49.732
-------------------------
Mean: 49.732 ms
##########################

Frequency (MHz): 1800
-------------------------
Socket   Power (w)
1        52.298
-------------------------
Mean: 52.298 ms
##########################

Frequency (MHz): 1900
-------------------------
Socket   Power (w)
1        54.855
-------------------------
Mean: 54.855 ms
##########################

Frequency (MHz): 2000
-------------------------
Socket   Power (w)
1        58.007
-------------------------
Mean: 58.007 ms
##########################

Frequency (MHz): 2100
-------------------------
Socket   Power (w)
1        60.847
-------------------------
Mean: 60.847 ms
##########################

Frequency (MHz): 2200
-------------------------
Socket   Power (w)
1        63.829
-------------------------
Mean: 63.829 ms
##########################

Frequency (MHz): 2300
-------------------------
Socket   Power (w)
1        67.330
-------------------------
Mean: 67.330 ms
##########################

Frequency (MHz): 2400
-------------------------
Socket   Power (w)
1        70.460
-------------------------
Mean: 70.460 ms
##########################

Frequency (MHz): 2500
-------------------------
Socket   Power (w)
1        74.110
-------------------------
Mean: 74.110 ms
##########################

Frequency (MHz): 2600
-------------------------
Socket   Power (w)
1        77.786
-------------------------
Mean: 77.786 ms
##########################

Frequency (MHz): MAX
-------------------------
Socket   Power (w)
1        93.788
-------------------------
Mean: 93.788 ms
##########################

