Frequency (MHz): 1200
-------------------------
Socket   Power (w)
1        39.103
-------------------------
Mean: 39.103 ms
##########################

Frequency (MHz): 1300
-------------------------
Socket   Power (w)
1        41.836
-------------------------
Mean: 41.836 ms
##########################

Frequency (MHz): 1400
-------------------------
Socket   Power (w)
1        44.824
-------------------------
Mean: 44.824 ms
##########################

Frequency (MHz): 1500
-------------------------
Socket   Power (w)
1        47.949
-------------------------
Mean: 47.949 ms
##########################

Frequency (MHz): 1600
-------------------------
Socket   Power (w)
1        51.464
-------------------------
Mean: 51.464 ms
##########################

Frequency (MHz): 1700
-------------------------
Socket   Power (w)
1        54.854
-------------------------
Mean: 54.854 ms
##########################

Frequency (MHz): 1800
-------------------------
Socket   Power (w)
1        58.372
-------------------------
Mean: 58.372 ms
##########################

Frequency (MHz): 1900
-------------------------
Socket   Power (w)
1        62.478
-------------------------
Mean: 62.478 ms
##########################

Frequency (MHz): 2000
-------------------------
Socket   Power (w)
1        66.298
-------------------------
Mean: 66.298 ms
##########################

Frequency (MHz): 2100
-------------------------
Socket   Power (w)
1        70.316
-------------------------
Mean: 70.316 ms
##########################

Frequency (MHz): 2200
-------------------------
Socket   Power (w)
1        74.987
-------------------------
Mean: 74.987 ms
##########################

Frequency (MHz): 2300
-------------------------
Socket   Power (w)
1        79.339
-------------------------
Mean: 79.339 ms
##########################

Frequency (MHz): 2400
-------------------------
Socket   Power (w)
1        84.460
-------------------------
Mean: 84.460 ms
##########################

Frequency (MHz): 2500
-------------------------
Socket   Power (w)
1        89.069
-------------------------
Mean: 89.069 ms
##########################

Frequency (MHz): 2600
-------------------------
Socket   Power (w)
1        94.750
-------------------------
Mean: 94.750 ms
##########################

Frequency (MHz): MAX
-------------------------
Socket   Power (w)
1        116.931
-------------------------
Mean: 116.931 ms
##########################

