Frequency (MHz): 1200
-------------------------
Socket   Power (w)
1        38.149
-------------------------
Mean: 38.149 ms
##########################

Frequency (MHz): 1300
-------------------------
Socket   Power (w)
1        40.352
-------------------------
Mean: 40.352 ms
##########################

Frequency (MHz): 1400
-------------------------
Socket   Power (w)
1        42.666
-------------------------
Mean: 42.666 ms
##########################

Frequency (MHz): 1500
-------------------------
Socket   Power (w)
1        44.977
-------------------------
Mean: 44.977 ms
##########################

Frequency (MHz): 1600
-------------------------
Socket   Power (w)
1        47.388
-------------------------
Mean: 47.388 ms
##########################

Frequency (MHz): 1700
-------------------------
Socket   Power (w)
1        49.895
-------------------------
Mean: 49.895 ms
##########################

Frequency (MHz): 1800
-------------------------
Socket   Power (w)
1        52.635
-------------------------
Mean: 52.635 ms
##########################

Frequency (MHz): 1900
-------------------------
Socket   Power (w)
1        55.205
-------------------------
Mean: 55.205 ms
##########################

Frequency (MHz): 2000
-------------------------
Socket   Power (w)
1        57.853
-------------------------
Mean: 57.853 ms
##########################

Frequency (MHz): 2100
-------------------------
Socket   Power (w)
1        60.737
-------------------------
Mean: 60.737 ms
##########################

Frequency (MHz): 2200
-------------------------
Socket   Power (w)
1        63.924
-------------------------
Mean: 63.924 ms
##########################

Frequency (MHz): 2300
-------------------------
Socket   Power (w)
1        66.903
-------------------------
Mean: 66.903 ms
##########################

Frequency (MHz): 2400
-------------------------
Socket   Power (w)
1        70.006
-------------------------
Mean: 70.006 ms
##########################

Frequency (MHz): 2500
-------------------------
Socket   Power (w)
1        73.746
-------------------------
Mean: 73.746 ms
##########################

Frequency (MHz): 2600
-------------------------
Socket   Power (w)
1        77.075
-------------------------
Mean: 77.075 ms
##########################

Frequency (MHz): MAX
-------------------------
Socket   Power (w)
1        92.273
-------------------------
Mean: 92.273 ms
##########################

