Frequency (MHz): 1200
-------------------------
Socket   Power (w)
1        29.792
-------------------------
Mean: 29.792 ms
##########################

Frequency (MHz): 1300
-------------------------
Socket   Power (w)
1        31.666
-------------------------
Mean: 31.666 ms
##########################

Frequency (MHz): 1400
-------------------------
Socket   Power (w)
1        33.671
-------------------------
Mean: 33.671 ms
##########################

Frequency (MHz): 1500
-------------------------
Socket   Power (w)
1        35.625
-------------------------
Mean: 35.625 ms
##########################

Frequency (MHz): 1600
-------------------------
Socket   Power (w)
1        37.635
-------------------------
Mean: 37.635 ms
##########################

Frequency (MHz): 1700
-------------------------
Socket   Power (w)
1        40.113
-------------------------
Mean: 40.113 ms
##########################

Frequency (MHz): 1800
-------------------------
Socket   Power (w)
1        42.346
-------------------------
Mean: 42.346 ms
##########################

Frequency (MHz): 1900
-------------------------
Socket   Power (w)
1        44.682
-------------------------
Mean: 44.682 ms
##########################

Frequency (MHz): 2000
-------------------------
Socket   Power (w)
1        47.519
-------------------------
Mean: 47.519 ms
##########################

Frequency (MHz): 2100
-------------------------
Socket   Power (w)
1        50.208
-------------------------
Mean: 50.208 ms
##########################

Frequency (MHz): 2200
-------------------------
Socket   Power (w)
1        52.998
-------------------------
Mean: 52.998 ms
##########################

Frequency (MHz): 2300
-------------------------
Socket   Power (w)
1        56.337
-------------------------
Mean: 56.337 ms
##########################

Frequency (MHz): 2400
-------------------------
Socket   Power (w)
1        59.296
-------------------------
Mean: 59.296 ms
##########################

Frequency (MHz): 2500
-------------------------
Socket   Power (w)
1        63.017
-------------------------
Mean: 63.017 ms
##########################

Frequency (MHz): 2600
-------------------------
Socket   Power (w)
1        66.337
-------------------------
Mean: 66.337 ms
##########################

Frequency (MHz): MAX
-------------------------
Socket   Power (w)
1        81.778
-------------------------
Mean: 81.778 ms
##########################

