Frequency (MHz): 1200
-------------------------
Socket   Power (w)
1        33.171
-------------------------
Mean: 33.171 ms
##########################

Frequency (MHz): 1300
-------------------------
Socket   Power (w)
1        35.335
-------------------------
Mean: 35.335 ms
##########################

Frequency (MHz): 1400
-------------------------
Socket   Power (w)
1        37.554
-------------------------
Mean: 37.554 ms
##########################

Frequency (MHz): 1500
-------------------------
Socket   Power (w)
1        39.808
-------------------------
Mean: 39.808 ms
##########################

Frequency (MHz): 1600
-------------------------
Socket   Power (w)
1        42.300
-------------------------
Mean: 42.300 ms
##########################

Frequency (MHz): 1700
-------------------------
Socket   Power (w)
1        44.895
-------------------------
Mean: 44.895 ms
##########################

Frequency (MHz): 1800
-------------------------
Socket   Power (w)
1        47.388
-------------------------
Mean: 47.388 ms
##########################

Frequency (MHz): 1900
-------------------------
Socket   Power (w)
1        50.039
-------------------------
Mean: 50.039 ms
##########################

Frequency (MHz): 2000
-------------------------
Socket   Power (w)
1        53.177
-------------------------
Mean: 53.177 ms
##########################

Frequency (MHz): 2100
-------------------------
Socket   Power (w)
1        56.101
-------------------------
Mean: 56.101 ms
##########################

Frequency (MHz): 2200
-------------------------
Socket   Power (w)
1        59.065
-------------------------
Mean: 59.065 ms
##########################

Frequency (MHz): 2300
-------------------------
Socket   Power (w)
1        62.678
-------------------------
Mean: 62.678 ms
##########################

Frequency (MHz): 2400
-------------------------
Socket   Power (w)
1        65.896
-------------------------
Mean: 65.896 ms
##########################

Frequency (MHz): 2500
-------------------------
Socket   Power (w)
1        69.800
-------------------------
Mean: 69.800 ms
##########################

Frequency (MHz): 2600
-------------------------
Socket   Power (w)
1        73.358
-------------------------
Mean: 73.358 ms
##########################

Frequency (MHz): MAX
-------------------------
Socket   Power (w)
1        89.392
-------------------------
Mean: 89.392 ms
##########################

