Frequency (MHz): 1200
-------------------------
Socket   Power (w)
1        38.515
-------------------------
Mean: 38.515 ms
##########################

Frequency (MHz): 1300
-------------------------
Socket   Power (w)
1        40.875
-------------------------
Mean: 40.875 ms
##########################

Frequency (MHz): 1400
-------------------------
Socket   Power (w)
1        43.202
-------------------------
Mean: 43.202 ms
##########################

Frequency (MHz): 1500
-------------------------
Socket   Power (w)
1        45.514
-------------------------
Mean: 45.514 ms
##########################

Frequency (MHz): 1600
-------------------------
Socket   Power (w)
1        48.054
-------------------------
Mean: 48.054 ms
##########################

Frequency (MHz): 1700
-------------------------
Socket   Power (w)
1        50.741
-------------------------
Mean: 50.741 ms
##########################

Frequency (MHz): 1800
-------------------------
Socket   Power (w)
1        53.277
-------------------------
Mean: 53.277 ms
##########################

Frequency (MHz): 1900
-------------------------
Socket   Power (w)
1        56.010
-------------------------
Mean: 56.010 ms
##########################

Frequency (MHz): 2000
-------------------------
Socket   Power (w)
1        59.249
-------------------------
Mean: 59.249 ms
##########################

Frequency (MHz): 2100
-------------------------
Socket   Power (w)
1        62.110
-------------------------
Mean: 62.110 ms
##########################

Frequency (MHz): 2200
-------------------------
Socket   Power (w)
1        65.102
-------------------------
Mean: 65.102 ms
##########################

Frequency (MHz): 2300
-------------------------
Socket   Power (w)
1        68.591
-------------------------
Mean: 68.591 ms
##########################

Frequency (MHz): 2400
-------------------------
Socket   Power (w)
1        71.866
-------------------------
Mean: 71.866 ms
##########################

Frequency (MHz): 2500
-------------------------
Socket   Power (w)
1        75.518
-------------------------
Mean: 75.518 ms
##########################

Frequency (MHz): 2600
-------------------------
Socket   Power (w)
1        79.483
-------------------------
Mean: 79.483 ms
##########################

Frequency (MHz): MAX
-------------------------
Socket   Power (w)
1        95.743
-------------------------
Mean: 95.743 ms
##########################

