Frequency (MHz): 1200
-------------------------
Socket   Power (w)
1        29.430
-------------------------
Mean: 29.430 ms
##########################

Frequency (MHz): 1300
-------------------------
Socket   Power (w)
1        31.313
-------------------------
Mean: 31.313 ms
##########################

Frequency (MHz): 1400
-------------------------
Socket   Power (w)
1        33.145
-------------------------
Mean: 33.145 ms
##########################

Frequency (MHz): 1500
-------------------------
Socket   Power (w)
1        35.030
-------------------------
Mean: 35.030 ms
##########################

Frequency (MHz): 1600
-------------------------
Socket   Power (w)
1        37.011
-------------------------
Mean: 37.011 ms
##########################

Frequency (MHz): 1700
-------------------------
Socket   Power (w)
1        39.428
-------------------------
Mean: 39.428 ms
##########################

Frequency (MHz): 1800
-------------------------
Socket   Power (w)
1        41.581
-------------------------
Mean: 41.581 ms
##########################

Frequency (MHz): 1900
-------------------------
Socket   Power (w)
1        43.885
-------------------------
Mean: 43.885 ms
##########################

Frequency (MHz): 2000
-------------------------
Socket   Power (w)
1        46.638
-------------------------
Mean: 46.638 ms
##########################

Frequency (MHz): 2100
-------------------------
Socket   Power (w)
1        49.215
-------------------------
Mean: 49.215 ms
##########################

Frequency (MHz): 2200
-------------------------
Socket   Power (w)
1        52.208
-------------------------
Mean: 52.208 ms
##########################

Frequency (MHz): 2300
-------------------------
Socket   Power (w)
1        55.157
-------------------------
Mean: 55.157 ms
##########################

Frequency (MHz): 2400
-------------------------
Socket   Power (w)
1        58.029
-------------------------
Mean: 58.029 ms
##########################

Frequency (MHz): 2500
-------------------------
Socket   Power (w)
1        61.582
-------------------------
Mean: 61.582 ms
##########################

Frequency (MHz): 2600
-------------------------
Socket   Power (w)
1        64.831
-------------------------
Mean: 64.831 ms
##########################

Frequency (MHz): MAX
-------------------------
Socket   Power (w)
1        79.859
-------------------------
Mean: 79.859 ms
##########################

