Frequency (MHz): 1200
-------------------------
Socket   Power (w)
1        38.341
-------------------------
Mean: 38.341 ms
##########################

Frequency (MHz): 1300
-------------------------
Socket   Power (w)
1        40.603
-------------------------
Mean: 40.603 ms
##########################

Frequency (MHz): 1400
-------------------------
Socket   Power (w)
1        42.792
-------------------------
Mean: 42.792 ms
##########################

Frequency (MHz): 1500
-------------------------
Socket   Power (w)
1        45.105
-------------------------
Mean: 45.105 ms
##########################

Frequency (MHz): 1600
-------------------------
Socket   Power (w)
1        47.475
-------------------------
Mean: 47.475 ms
##########################

Frequency (MHz): 1700
-------------------------
Socket   Power (w)
1        50.186
-------------------------
Mean: 50.186 ms
##########################

Frequency (MHz): 1800
-------------------------
Socket   Power (w)
1        52.661
-------------------------
Mean: 52.661 ms
##########################

Frequency (MHz): 1900
-------------------------
Socket   Power (w)
1        55.126
-------------------------
Mean: 55.126 ms
##########################

Frequency (MHz): 2000
-------------------------
Socket   Power (w)
1        58.110
-------------------------
Mean: 58.110 ms
##########################

Frequency (MHz): 2100
-------------------------
Socket   Power (w)
1        61.007
-------------------------
Mean: 61.007 ms
##########################

Frequency (MHz): 2200
-------------------------
Socket   Power (w)
1        63.745
-------------------------
Mean: 63.745 ms
##########################

Frequency (MHz): 2300
-------------------------
Socket   Power (w)
1        67.291
-------------------------
Mean: 67.291 ms
##########################

Frequency (MHz): 2400
-------------------------
Socket   Power (w)
1        70.365
-------------------------
Mean: 70.365 ms
##########################

Frequency (MHz): 2500
-------------------------
Socket   Power (w)
1        73.957
-------------------------
Mean: 73.957 ms
##########################

Frequency (MHz): 2600
-------------------------
Socket   Power (w)
1        77.431
-------------------------
Mean: 77.431 ms
##########################

Frequency (MHz): MAX
-------------------------
Socket   Power (w)
1        92.918
-------------------------
Mean: 92.918 ms
##########################

